\BOOKMARK [1][-]{section.1}{\376\377\000Z\000a\000d\000a\000n\000i\000e\000\040\0001}{}% 1
\BOOKMARK [2][-]{subsection.1.1}{\376\377\000O\000p\000i\000s\000\040\000p\000r\000o\000b\000l\000e\000m\000u}{section.1}% 2
\BOOKMARK [2][-]{subsection.1.2}{\376\377\000W\000y\000n\000i\000k\000i}{section.1}% 3
\BOOKMARK [2][-]{subsection.1.3}{\376\377\000W\000n\000i\000o\000s\000k\000i}{section.1}% 4
\BOOKMARK [1][-]{section.2}{\376\377\000Z\000a\000d\000a\000n\000i\000e\000\040\0002}{}% 5
\BOOKMARK [2][-]{subsection.2.1}{\376\377\000O\000p\000i\000s\000\040\000p\000r\000o\000b\000l\000e\000m\000u}{section.2}% 6
\BOOKMARK [2][-]{subsection.2.2}{\376\377\000W\000y\000n\000i\000k\000i}{section.2}% 7
\BOOKMARK [2][-]{subsection.2.3}{\376\377\000W\000n\000i\000o\000s\000k\000i}{section.2}% 8
\BOOKMARK [1][-]{section.3}{\376\377\000Z\000a\000d\000a\000n\000i\000e\000\040\0003}{}% 9
\BOOKMARK [2][-]{subsection.3.1}{\376\377\000W\000y\000n\000i\000k\000i}{section.3}% 10
\BOOKMARK [2][-]{subsection.3.2}{\376\377\000W\000n\000i\000o\000s\000k\000i}{section.3}% 11
\BOOKMARK [1][-]{section.4}{\376\377\000Z\000a\000d\000a\000n\000i\000e\000\040\0004}{}% 12
\BOOKMARK [2][-]{subsection.4.1}{\376\377\000O\000p\000i\000s\000\040\000p\000r\000o\000b\000l\000e\000m\000u}{section.4}% 13
\BOOKMARK [2][-]{subsection.4.2}{\376\377\000W\000y\000n\000i\000k\000i}{section.4}% 14
\BOOKMARK [2][-]{subsection.4.3}{\376\377\000W\000n\000i\000o\000s\000k\000i}{section.4}% 15
\BOOKMARK [1][-]{section.5}{\376\377\000Z\000a\000d\000a\000n\000i\000e\000\040\0005}{}% 16
\BOOKMARK [2][-]{subsection.5.1}{\376\377\000O\000p\000i\000s\000\040\000p\000r\000o\000b\000l\000e\000m\000u}{section.5}% 17
\BOOKMARK [2][-]{subsection.5.2}{\376\377\000W\000y\000n\000i\000k\000i}{section.5}% 18
\BOOKMARK [2][-]{subsection.5.3}{\376\377\000W\000n\000i\000o\000s\000k\000i}{section.5}% 19
\BOOKMARK [1][-]{section.6}{\376\377\000Z\000a\000d\000a\000n\000i\000e\000\040\0006}{}% 20
\BOOKMARK [2][-]{subsection.6.1}{\376\377\000O\000p\000i\000s\000\040\000z\000a\000d\000a\000n\000i\000a}{section.6}% 21
\BOOKMARK [2][-]{subsection.6.2}{\376\377\000W\000y\000n\000i\000k\000i}{section.6}% 22
\BOOKMARK [2][-]{subsection.6.3}{\376\377\000W\000n\000i\000o\000s\000k\000i}{section.6}% 23
