\BOOKMARK [1][-]{section.1}{\376\377\000Z\000a\000d\000a\000n\000i\000e\000\040\0001}{}% 1
\BOOKMARK [2][-]{subsection.1.1}{\376\377\000Z\000m\000i\000e\000n\000n\000e}{section.1}% 2
\BOOKMARK [2][-]{subsection.1.2}{\376\377\000O\000g\000r\000a\000n\000i\000c\000z\000e\000n\000i\000a}{section.1}% 3
\BOOKMARK [2][-]{subsection.1.3}{\376\377\000F\000u\000n\000k\000c\000j\000a\000\040\000c\000e\000l\000u}{section.1}% 4
\BOOKMARK [2][-]{subsection.1.4}{\376\377\000W\000y\000n\000i\000k\000i}{section.1}% 5
\BOOKMARK [1][-]{section.2}{\376\377\000Z\000a\000d\000a\000n\000i\000e\000\040\0002}{}% 6
\BOOKMARK [2][-]{subsection.2.1}{\376\377\000Z\000m\000i\000e\000n\000n\000e}{section.2}% 7
\BOOKMARK [2][-]{subsection.2.2}{\376\377\000O\000g\000r\000a\000n\000i\000c\000z\000e\000n\000i\000a}{section.2}% 8
\BOOKMARK [2][-]{subsection.2.3}{\376\377\000F\000u\000n\000k\000c\000j\000a\000\040\000c\000e\000l\000u}{section.2}% 9
\BOOKMARK [2][-]{subsection.2.4}{\376\377\000W\000y\000n\000i\000k\000i}{section.2}% 10
\BOOKMARK [1][-]{section.3}{\376\377\000Z\000a\000d\000a\000n\000i\000e\000\040\0003}{}% 11
\BOOKMARK [2][-]{subsection.3.1}{\376\377\000Z\000m\000i\000e\000n\000n\000e}{section.3}% 12
\BOOKMARK [2][-]{subsection.3.2}{\376\377\000O\000g\000r\000a\000n\000i\000c\000z\000e\000n\000i\000a}{section.3}% 13
\BOOKMARK [2][-]{subsection.3.3}{\376\377\000F\000u\000n\000k\000c\000j\000a\000\040\000c\000e\000l\000u}{section.3}% 14
\BOOKMARK [2][-]{subsection.3.4}{\376\377\000W\000y\000n\000i\000k\000i}{section.3}% 15
\BOOKMARK [1][-]{section.4}{\376\377\000Z\000a\000d\000a\000n\000i\000e\000\040\0004}{}% 16
\BOOKMARK [2][-]{subsection.4.1}{\376\377\000Z\000m\000i\000e\000n\000n\000e}{section.4}% 17
\BOOKMARK [2][-]{subsection.4.2}{\376\377\000O\000g\000r\000a\000n\000i\000c\000z\000e\000n\000i\000a}{section.4}% 18
\BOOKMARK [2][-]{subsection.4.3}{\376\377\000F\000u\000n\000k\000c\000j\000a\000\040\000c\000e\000l\000u}{section.4}% 19
\BOOKMARK [2][-]{subsection.4.4}{\376\377\000W\000y\000n\000i\000k\000i}{section.4}% 20
\BOOKMARK [1][-]{section.5}{\376\377\000Z\000a\000d\000a\000n\000i\000e\000\040\0005}{}% 21
\BOOKMARK [2][-]{subsection.5.1}{\376\377\000Z\000m\000i\000e\000n\000n\000e}{section.5}% 22
\BOOKMARK [2][-]{subsection.5.2}{\376\377\000O\000g\000r\000a\000n\000i\000c\000z\000e\000n\000i\000a}{section.5}% 23
\BOOKMARK [2][-]{subsection.5.3}{\376\377\000F\000u\000n\000k\000c\000j\000a\000\040\000c\000e\000l\000u}{section.5}% 24
\BOOKMARK [2][-]{subsection.5.4}{\376\377\000W\000y\000n\000i\000k\000i}{section.5}% 25
\BOOKMARK [1][-]{section.6}{\376\377\000Z\000a\000d\000a\000n\000i\000e\000\040\0006}{}% 26
\BOOKMARK [2][-]{subsection.6.1}{\376\377\000Z\000m\000i\000e\000n\000n\000e}{section.6}% 27
\BOOKMARK [2][-]{subsection.6.2}{\376\377\000O\000g\000r\000a\000n\000i\000c\000z\000e\000n\000i\000a}{section.6}% 28
\BOOKMARK [2][-]{subsection.6.3}{\376\377\000F\000u\000n\000k\000c\000j\000a\000\040\000c\000e\000l\000u}{section.6}% 29
\BOOKMARK [2][-]{subsection.6.4}{\376\377\000W\000y\000n\000i\000k\000i}{section.6}% 30
